# JRE version: Java(TM) SE Runtime Environment (16.0.2+7) (build 16.0.2+7-67)
# Java VM: Java HotSpot(TM) 64-Bit Server VM (16.0.2+7-67, mixed mode, sharing, tiered, compressed oops, compressed class ptrs, g1 gc, windows-amd64)
GC Precious Log:
 CPUs: 12 total, 12 available
 Memory: 15722M
 Large Page Support: Disabled
 NUMA Support: Disabled
 Compressed Oops: Enabled (Zero based)
 Heap Region Size: 2M
 Heap Min Capacity: 8M
 Heap Initial Capacity: 246M
 Heap Max Capacity: 3932M
 Pre-touch: Disabled
 Parallel Workers: 10
 Concurrent Workers: 3
 Concurrent Refinement Workers: 10
 Periodic GC: Disabled
Heap:
 garbage-first heap   total 387072K, used 120172K [0x000000070a400000, 0x0000000800000000)
  region size 2048K, 10 young (20480K), 10 survivors (20480K)
 Metaspace       used 54096K, committed 54912K, reserved 1105920K
  class space    used 6168K, committed 6528K, reserved 1048576K
GC Heap History (20 events):
Event: 20.508 GC heap after
{Heap after GC invocations=24 (full 0):
 garbage-first heap   total 342016K, used 107389K [0x000000070a400000, 0x0000000800000000)
  region size 2048K, 8 young (16384K), 8 survivors (16384K)
 Metaspace       used 49991K, committed 50752K, reserved 1097728K
  class space    used 5627K, committed 6016K, reserved 1048576K
}
Event: 20.519 GC heap before
{Heap before GC invocations=24 (full 0):
 garbage-first heap   total 342016K, used 109437K [0x000000070a400000, 0x0000000800000000)
  region size 2048K, 9 young (18432K), 8 survivors (16384K)
 Metaspace       used 49992K, committed 50752K, reserved 1097728K
  class space    used 5627K, committed 6016K, reserved 1048576K
}
Event: 20.528 GC heap after
{Heap after GC invocations=25 (full 0):
 garbage-first heap   total 342016K, used 82242K [0x000000070a400000, 0x0000000800000000)
  region size 2048K, 1 young (2048K), 1 survivors (2048K)
 Metaspace       used 49992K, committed 50752K, reserved 1097728K
  class space    used 5627K, committed 6016K, reserved 1048576K
}
Event: 24.916 GC heap before
{Heap before GC invocations=25 (full 0):
 garbage-first heap   total 342016K, used 268610K [0x000000070a400000, 0x0000000800000000)
  region size 2048K, 92 young (188416K), 1 survivors (2048K)
 Metaspace       used 54956K, committed 55808K, reserved 1105920K
  class space    used 6301K, committed 6720K, reserved 1048576K
}
Event: 24.920 GC heap after
{Heap after GC invocations=26 (full 0):
 garbage-first heap   total 342016K, used 86338K [0x000000070a400000, 0x0000000800000000)
  region size 2048K, 3 young (6144K), 3 survivors (6144K)
 Metaspace       used 54956K, committed 55808K, reserved 1105920K
  class space    used 6301K, committed 6720K, reserved 1048576K
}
Event: 28.666 GC heap before
{Heap before GC invocations=26 (full 0):
 garbage-first heap   total 342016K, used 330050K [0x000000070a400000, 0x0000000800000000)
  region size 2048K, 90 young (184320K), 3 survivors (6144K)
 Metaspace       used 55441K, committed 56256K, reserved 1105920K
  class space    used 6340K, committed 6720K, reserved 1048576K
}
Event: 28.674 GC heap after
{Heap after GC invocations=27 (full 0):
 garbage-first heap   total 358400K, used 171934K [0x000000070a400000, 0x0000000800000000)
  region size 2048K, 11 young (22528K), 11 survivors (22528K)
 Metaspace       used 55441K, committed 56256K, reserved 1105920K
  class space    used 6340K, committed 6720K, reserved 1048576K
}
Event: 28.886 GC heap before
{Heap before GC invocations=28 (full 0):
 garbage-first heap   total 358400K, used 184222K [0x000000070a400000, 0x0000000800000000)
  region size 2048K, 14 young (28672K), 11 survivors (22528K)
 Metaspace       used 53523K, committed 54528K, reserved 1105920K
  class space    used 6128K, committed 6528K, reserved 1048576K
}
Event: 28.892 GC heap after
{Heap after GC invocations=29 (full 0):
 garbage-first heap   total 358400K, used 179559K [0x000000070a400000, 0x0000000800000000)
  region size 2048K, 1 young (2048K), 1 survivors (2048K)
 Metaspace       used 53523K, committed 54528K, reserved 1105920K
  class space    used 6128K, committed 6528K, reserved 1048576K
}
Event: 31.820 GC heap before
{Heap before GC invocations=30 (full 0):
 garbage-first heap   total 376832K, used 333159K [0x000000070a400000, 0x0000000800000000)
  region size 2048K, 56 young (114688K), 1 survivors (2048K)
 Metaspace       used 53733K, committed 54592K, reserved 1105920K
  class space    used 6141K, committed 6528K, reserved 1048576K
}
Event: 31.821 GC heap after
{Heap after GC invocations=31 (full 0):
 garbage-first heap   total 376832K, used 220293K [0x000000070a400000, 0x0000000800000000)
  region size 2048K, 1 young (2048K), 1 survivors (2048K)
 Metaspace       used 53733K, committed 54592K, reserved 1105920K
  class space    used 6141K, committed 6528K, reserved 1048576K
}
Event: 31.910 GC heap before
{Heap before GC invocations=31 (full 0):
 garbage-first heap   total 376832K, used 236677K [0x000000070a400000, 0x0000000800000000)
  region size 2048K, 9 young (18432K), 1 survivors (2048K)
 Metaspace       used 53734K, committed 54592K, reserved 1105920K
  class space    used 6141K, committed 6528K, reserved 1048576K
}
Event: 31.916 GC heap after
{Heap after GC invocations=32 (full 0):
 garbage-first heap   total 376832K, used 197198K [0x000000070a400000, 0x0000000800000000)
  region size 2048K, 1 young (2048K), 1 survivors (2048K)
 Metaspace       used 53734K, committed 54592K, reserved 1105920K
  class space    used 6141K, committed 6528K, reserved 1048576K
}
Event: 32.551 GC heap before
{Heap before GC invocations=32 (full 0):
 garbage-first heap   total 376832K, used 313934K [0x000000070a400000, 0x0000000800000000)
  region size 2048K, 58 young (118784K), 1 survivors (2048K)
 Metaspace       used 54009K, committed 54784K, reserved 1105920K
  class space    used 6165K, committed 6528K, reserved 1048576K
}
Event: 32.558 GC heap after
{Heap after GC invocations=33 (full 0):
 garbage-first heap   total 376832K, used 209361K [0x000000070a400000, 0x0000000800000000)
  region size 2048K, 7 young (14336K), 7 survivors (14336K)
 Metaspace       used 54009K, committed 54784K, reserved 1105920K
  class space    used 6165K, committed 6528K, reserved 1048576K
}
Event: 33.026 GC heap before
{Heap before GC invocations=34 (full 0):
 garbage-first heap   total 315392K, used 186833K [0x000000070a400000, 0x0000000800000000)
  region size 2048K, 56 young (114688K), 7 survivors (14336K)
 Metaspace       used 54017K, committed 54784K, reserved 1105920K
  class space    used 6165K, committed 6528K, reserved 1048576K
}
Event: 33.039 GC heap after
{Heap after GC invocations=35 (full 0):
 garbage-first heap   total 315392K, used 100782K [0x000000070a400000, 0x0000000800000000)
  region size 2048K, 7 young (14336K), 7 survivors (14336K)
 Metaspace       used 54017K, committed 54784K, reserved 1105920K
  class space    used 6165K, committed 6528K, reserved 1048576K
}
Event: 33.042 GC heap before
{Heap before GC invocations=35 (full 0):
 garbage-first heap   total 315392K, used 102830K [0x000000070a400000, 0x0000000800000000)
  region size 2048K, 8 young (16384K), 7 survivors (14336K)
 Metaspace       used 54017K, committed 54784K, reserved 1105920K
  class space    used 6165K, committed 6528K, reserved 1048576K
}
Event: 33.051 GC heap after
{Heap after GC invocations=36 (full 0):
 garbage-first heap   total 315392K, used 86823K [0x000000070a400000, 0x0000000800000000)
  region size 2048K, 1 young (2048K), 1 survivors (2048K)
 Metaspace       used 54017K, committed 54784K, reserved 1105920K
  class space    used 6165K, committed 6528K, reserved 1048576K
}
Event: 34.497 GC heap before
{Heap before GC invocations=36 (full 0):
 garbage-first heap   total 315392K, used 248615K [0x000000070a400000, 0x0000000800000000)
  region size 2048K, 74 young (151552K), 1 survivors (2048K)
 Metaspace       used 54096K, committed 54912K, reserved 1105920K
  class space    used 6168K, committed 6528K, reserved 1048576K
}

